<?xml version="1.0" encoding="UTF-8"?>
<testsuite xmlns:xsi="http://www.w3.org/2001/XMLSchema-instance" xsi:noNamespaceSchemaLocation="https://maven.apache.org/surefire/maven-surefire-plugin/xsd/surefire-test-report.xsd" name="As a user, I should be able to login." time="50.538" tests="4" errors="0" skipped="0" failures="4">
  <properties>
[...]
</properties>
  <testcase name="User can change their password with the username" classname="As a user, I should be able to login." time="13.006">
    <failure message="Update Message expected:&lt;[Success]&gt; but was:&lt;[Unable to send the email.]&gt;" type="org.junit.ComparisonFailure"><![CDATA[org.junit.ComparisonFailure: Update Message expected:<[Success]> but was:<[Unable to send the email.]>
]]></failure>
    <system-out><![CDATA[Feb 21, 2022 1:25:38 AM io.cucumber.junit.Cucumber <init>
WARNING: By default Cucumber is running in --non-strict mode.
This default will change to --strict and --non-strict will be removed.
You can use --strict or @CucumberOptions(strict = true) to suppress this warning

&amp#27;[31mFailed scenarios:&amp#27;[0m
&amp#27;[31mfile:///Users/nazik/IdeaProjects/PerfleetCucumber/src/test/resources/features/Login.feature:93&amp#27;[0m# User can change their password with the username
&amp#27;[31mfile:///Users/nazik/IdeaProjects/PerfleetCucumber/src/test/resources/features/Login.feature:123&amp#27;[0m# Driver can see their own usernames in profile menu, after successful login
&amp#27;[31mfile:///Users/nazik/IdeaProjects/PerfleetCucumber/src/test/resources/features/Login.feature:129&amp#27;[0m# Store manager can see their own usernames in profile menu, after successful login
&amp#27;[31mfile:///Users/nazik/IdeaProjects/PerfleetCucumber/src/test/resources/features/Login.feature:135&amp#27;[0m# Sales manager can see their own usernames in profile menu, after successful login

4 Scenarios (&amp#27;[31m4 failed&amp#27;[0m)
13 Steps (&amp#27;[31m4 failed&amp#27;[0m, &amp#27;[32m9 passed&amp#27;[0m)
0m50.549s


org.junit.ComparisonFailure: Update Message expected:<[Success]> but was:<[Unable to send the email.]>
	at org.junit.Assert.assertEquals(Assert.java:117)
	at com.perfleet.step_definitions.LoginStepDefs.the_user_gets_update_message(LoginStepDefs.java:133)
	at ✽.the user gets "Success" update message(file:///Users/nazik/IdeaProjects/PerfleetCucumber/src/test/resources/features/Login.feature:97)

org.junit.ComparisonFailure: expected:<[user1]> but was:<[John Doe]>
	at org.junit.Assert.assertEquals(Assert.java:117)
	at org.junit.Assert.assertEquals(Assert.java:146)
	at com.perfleet.step_definitions.LoginStepDefs.the_user_can_see_in_profile_menu(LoginStepDefs.java:168)
	at ✽.the user can see "driver username" in profile menu(file:///Users/nazik/IdeaProjects/PerfleetCucumber/src/test/resources/features/Login.feature:126)

org.junit.ComparisonFailure: expected:<[storemanager85]> but was:<[John Doe]>
	at org.junit.Assert.assertEquals(Assert.java:117)
	at org.junit.Assert.assertEquals(Assert.java:146)
	at com.perfleet.step_definitions.LoginStepDefs.the_user_can_see_in_profile_menu(LoginStepDefs.java:168)
	at ✽.the user can see "store manager username" in profile menu(file:///Users/nazik/IdeaProjects/PerfleetCucumber/src/test/resources/features/Login.feature:132)

org.junit.ComparisonFailure: expected:<[salesmanager101]> but was:<[John Doe]>
	at org.junit.Assert.assertEquals(Assert.java:117)
	at org.junit.Assert.assertEquals(Assert.java:146)
	at com.perfleet.step_definitions.LoginStepDefs.the_user_can_see_in_profile_menu(LoginStepDefs.java:168)
	at ✽.the user can see "sales manager username" in profile menu(file:///Users/nazik/IdeaProjects/PerfleetCucumber/src/test/resources/features/Login.feature:138)


]]></system-out>
    <system-err><![CDATA[SLF4J: Failed to load class "org.slf4j.impl.StaticLoggerBinder".
SLF4J: Defaulting to no-operation (NOP) logger implementation
SLF4J: See http://www.slf4j.org/codes.html#StaticLoggerBinder for further details.
Starting ChromeDriver 98.0.4758.102 (273bf7ac8c909cde36982d27f66f3c70846a3718-refs/branch-heads/4758@{#1151}) on port 31046
Only local connections are allowed.
Please see https://chromedriver.chromium.org/security-considerations for suggestions on keeping ChromeDriver safe.
ChromeDriver was started successfully.
Feb 21, 2022 1:25:45 AM org.openqa.selenium.remote.ProtocolHandshake createSession
INFO: Detected dialect: W3C
]]></system-err>
  </testcase>
  <testcase name="Driver can see their own usernames in profile menu, after successful login" classname="As a user, I should be able to login." time="11.242">
    <failure message="expected:&lt;[user1]&gt; but was:&lt;[John Doe]&gt;" type="org.junit.ComparisonFailure"><![CDATA[org.junit.ComparisonFailure: expected:<[user1]> but was:<[John Doe]>
]]></failure>
    <system-err><![CDATA[Starting ChromeDriver 98.0.4758.102 (273bf7ac8c909cde36982d27f66f3c70846a3718-refs/branch-heads/4758@{#1151}) on port 3762
Only local connections are allowed.
Please see https://chromedriver.chromium.org/security-considerations for suggestions on keeping ChromeDriver safe.
ChromeDriver was started successfully.
Feb 21, 2022 1:25:55 AM org.openqa.selenium.remote.ProtocolHandshake createSession
INFO: Detected dialect: W3C
]]></system-err>
  </testcase>
  <testcase name="Store manager can see their own usernames in profile menu, after successful login" classname="As a user, I should be able to login." time="12.546">
    <failure message="expected:&lt;[storemanager85]&gt; but was:&lt;[John Doe]&gt;" type="org.junit.ComparisonFailure"><![CDATA[org.junit.ComparisonFailure: expected:<[storemanager85]> but was:<[John Doe]>
]]></failure>
    <system-err><![CDATA[Starting ChromeDriver 98.0.4758.102 (273bf7ac8c909cde36982d27f66f3c70846a3718-refs/branch-heads/4758@{#1151}) on port 14107
Only local connections are allowed.
Please see https://chromedriver.chromium.org/security-considerations for suggestions on keeping ChromeDriver safe.
ChromeDriver was started successfully.
Feb 21, 2022 1:26:05 AM org.openqa.selenium.remote.ProtocolHandshake createSession
INFO: Detected dialect: W3C
]]></system-err>
  </testcase>
  <testcase name="Sales manager can see their own usernames in profile menu, after successful login" classname="As a user, I should be able to login." time="13.743">
    <failure message="expected:&lt;[salesmanager101]&gt; but was:&lt;[John Doe]&gt;" type="org.junit.ComparisonFailure"><![CDATA[org.junit.ComparisonFailure: expected:<[salesmanager101]> but was:<[John Doe]>
]]></failure>
    <system-err><![CDATA[Starting ChromeDriver 98.0.4758.102 (273bf7ac8c909cde36982d27f66f3c70846a3718-refs/branch-heads/4758@{#1151}) on port 3841
Only local connections are allowed.
Please see https://chromedriver.chromium.org/security-considerations for suggestions on keeping ChromeDriver safe.
ChromeDriver was started successfully.
Feb 21, 2022 1:26:18 AM org.openqa.selenium.remote.ProtocolHandshake createSession
INFO: Detected dialect: W3C
]]></system-err>
  </testcase>
</testsuite>