<?xml version="1.0" encoding="UTF-8"?>
<testsuite xmlns:xsi="http://www.w3.org/2001/XMLSchema-instance" xsi:noNamespaceSchemaLocation="https://maven.apache.org/surefire/maven-surefire-plugin/xsd/surefire-test-report.xsd" name="As a user I should be able to log out" time="39.396" tests="2" errors="0" skipped="0" failures="2">
  <properties>
[...]
</properties>
  <testcase name="User is logged out if the user close the tabs" classname="As a user I should be able to log out" time="20.672">
    <failure message="expected:&lt;[Login]&gt; but was:&lt;[Dashboard]&gt;" type="org.junit.ComparisonFailure"><![CDATA[org.junit.ComparisonFailure: expected:<[Login]> but was:<[Dashboard]>
]]></failure>
    <system-out><![CDATA[Feb 28, 2022 1:22:11 AM io.cucumber.junit.Cucumber <init>
WARNING: By default Cucumber is running in --non-strict mode.
This default will change to --strict and --non-strict will be removed.
You can use --strict or @CucumberOptions(strict = true) to suppress this warning

&amp#27;[31mFailed scenarios:&amp#27;[0m
&amp#27;[31mfile:///Users/nazik/IdeaProjects/PerfleetCucumber/src/test/resources/features/Logout.feature:20&amp#27;[0m# User is logged out if the user close the tabs
&amp#27;[31mfile:///Users/nazik/IdeaProjects/PerfleetCucumber/src/test/resources/features/Logout.feature:29&amp#27;[0m# User is logged out if the user is away from keyboard for 3 minutes

2 Scenarios (&amp#27;[31m2 failed&amp#27;[0m)
11 Steps (&amp#27;[31m2 failed&amp#27;[0m, &amp#27;[32m9 passed&amp#27;[0m)
0m39.416s


org.junit.ComparisonFailure: expected:<[Login]> but was:<[Dashboard]>
	at org.junit.Assert.assertEquals(Assert.java:117)
	at org.junit.Assert.assertEquals(Assert.java:146)
	at com.perfleet.step_definitions.LogoutStepDefs.the_user_lands_on_the_page(LogoutStepDefs.java:50)
	at ✽.the user lands on the "Login" page(file:///Users/nazik/IdeaProjects/PerfleetCucumber/src/test/resources/features/Logout.feature:26)

org.junit.ComparisonFailure: expected:<[Login]> but was:<[Dashboard]>
	at org.junit.Assert.assertEquals(Assert.java:117)
	at org.junit.Assert.assertEquals(Assert.java:146)
	at com.perfleet.step_definitions.LogoutStepDefs.the_user_lands_on_the_page(LogoutStepDefs.java:50)
	at ✽.the user lands on the "Login" page(file:///Users/nazik/IdeaProjects/PerfleetCucumber/src/test/resources/features/Logout.feature:34)


]]></system-out>
    <system-err><![CDATA[SLF4J: Failed to load class "org.slf4j.impl.StaticLoggerBinder".
SLF4J: Defaulting to no-operation (NOP) logger implementation
SLF4J: See http://www.slf4j.org/codes.html#StaticLoggerBinder for further details.
Starting ChromeDriver 98.0.4758.102 (273bf7ac8c909cde36982d27f66f3c70846a3718-refs/branch-heads/4758@{#1151}) on port 33252
Only local connections are allowed.
Please see https://chromedriver.chromium.org/security-considerations for suggestions on keeping ChromeDriver safe.
ChromeDriver was started successfully.
Feb 28, 2022 1:22:15 AM org.openqa.selenium.remote.ProtocolHandshake createSession
INFO: Detected dialect: W3C
]]></system-err>
  </testcase>
  <testcase name="User is logged out if the user is away from keyboard for 3 minutes" classname="As a user I should be able to log out" time="18.724">
    <failure message="expected:&lt;[Login]&gt; but was:&lt;[Dashboard]&gt;" type="org.junit.ComparisonFailure"><![CDATA[org.junit.ComparisonFailure: expected:<[Login]> but was:<[Dashboard]>
]]></failure>
    <system-err><![CDATA[Starting ChromeDriver 98.0.4758.102 (273bf7ac8c909cde36982d27f66f3c70846a3718-refs/branch-heads/4758@{#1151}) on port 28374
Only local connections are allowed.
Please see https://chromedriver.chromium.org/security-considerations for suggestions on keeping ChromeDriver safe.
ChromeDriver was started successfully.
Feb 28, 2022 1:22:34 AM org.openqa.selenium.remote.ProtocolHandshake createSession
INFO: Detected dialect: W3C
]]></system-err>
  </testcase>
</testsuite>